<?xml version="1.0" encoding="UTF-8"?>
<!-- Generated by org.testng.reporters.JUnitReportReporter -->
<testsuite hostname="DESKTOP-BN9B3LB" failures="0" tests="1" name="project.Gillete_India_ExcelDriven" time="9.492" errors="0" timestamp="2020-09-09T22:30:24 IST" skipped="0">
  <testcase classname="project.Gillete_India_ExcelDriven" name="India" time="9.492"/>
  <system-out/>
</testsuite> <!-- project.Gillete_India_ExcelDriven -->
