<?xml version="1.0" encoding="UTF-8"?>
<!-- Generated by org.testng.reporters.JUnitReportReporter -->
<testsuite hostname="DESKTOP-BN9B3LB" failures="0" tests="1" name="project.Gillete_IndiaSignin" time="14.569" errors="0" timestamp="2020-09-09T23:31:24 IST" skipped="0">
  <testcase classname="project.Gillete_IndiaSignin" name="IndiaRegisteration" time="14.569"/>
  <system-out/>
</testsuite> <!-- project.Gillete_IndiaSignin -->
