<?xml version="1.0" encoding="UTF-8"?>
<!-- Generated by org.testng.reporters.JUnitReportReporter -->
<testsuite skipped="0" hostname="admin-PC" name="project3.makeMyTrip" tests="1" failures="0" timestamp="2020-05-22T22:21:47 IST" time="44.282" errors="0">
  <testcase name="travel" time="44.282" classname="project3.makeMyTrip"/>
  <system-out/>
</testsuite> <!-- project3.makeMyTrip -->
