<?xml version="1.0" encoding="UTF-8"?>
<!-- Generated by org.testng.reporters.JUnitReportReporter -->
<testsuite hostname="admin-PC" name="Project.homepage" tests="1" failures="0" timestamp="2 May 2020 14:10:23 GMT" time="0.718" errors="0">
  <testcase name="navigation" time="0.718" classname="Project.homepage"/>
</testsuite> <!-- Project.homepage -->
