<?xml version="1.0" encoding="UTF-8"?>
<!-- Generated by org.testng.reporters.JUnitReportReporter -->
<testsuite hostname="DESKTOP-BN9B3LB" failures="0" tests="1" name="project.Gillete_India_Registeration_ExcelDriven" time="10.687" errors="0" timestamp="2020-09-09T23:31:24 IST" skipped="0">
  <testcase classname="project.Gillete_India_Registeration_ExcelDriven" name="IndiaRegisteration" time="10.687"/>
  <system-out/>
</testsuite> <!-- project.Gillete_India_Registeration_ExcelDriven -->
