<?xml version="1.0" encoding="UTF-8"?>
<!-- Generated by org.testng.reporters.JUnitReportReporter -->
<testsuite hostname="admin-PC" name="Project.dragAndDrop" tests="1" failures="0" timestamp="2 May 2020 14:10:23 GMT" time="0.348" errors="0">
  <testcase name="daggers" time="0.348" classname="Project.dragAndDrop"/>
</testsuite> <!-- Project.dragAndDrop -->
