<?xml version="1.0" encoding="UTF-8"?>
<!-- Generated by org.testng.reporters.JUnitReportReporter -->
<testsuite skipped="0" hostname="admin-PC" name="project2.olayEs_esJson" tests="1" failures="0" timestamp="2020-05-22T22:20:00 IST" time="25.910" errors="0">
  <testcase name="registerandLogin" time="25.910" classname="project2.olayEs_esJson"/>
  <system-out/>
</testsuite> <!-- project2.olayEs_esJson -->
