<?xml version="1.0" encoding="UTF-8"?>
<!-- Generated by org.testng.reporters.JUnitReportReporter -->
<testsuite skipped="0" hostname="admin-PC" name="project2.OlayEn_GbRandomise" tests="1" failures="0" timestamp="2020-05-22T22:16:44 IST" time="53.220" errors="0">
  <testcase name="registerandLogin" time="53.220" classname="project2.OlayEn_GbRandomise"/>
  <system-out/>
</testsuite> <!-- project2.OlayEn_GbRandomise -->
