<?xml version="1.0" encoding="UTF-8"?>
<!-- Generated by org.testng.reporters.JUnitReportReporter -->
<testsuite hostname="admin-PC" name="Project.controlGroup" tests="1" failures="0" timestamp="2 May 2020 14:10:23 GMT" time="1.149" errors="0">
  <testcase name="navigation" time="1.149" classname="Project.controlGroup"/>
</testsuite> <!-- Project.controlGroup -->
