<?xml version="1.0" encoding="UTF-8"?>
<!-- Generated by org.testng.reporters.JUnitReportReporter -->
<testsuite hostname="admin-PC" name="Project.selectmenuoption" tests="1" failures="0" timestamp="2 May 2020 14:10:23 GMT" time="4.016" errors="0">
  <testcase name="calendar" time="4.016" classname="Project.selectmenuoption"/>
</testsuite> <!-- Project.selectmenuoption -->
