<?xml version="1.0" encoding="UTF-8"?>
<!-- Generated by org.testng.reporters.JUnitReportReporter -->
<testsuite skipped="0" hostname="admin-PC" name="project1.homepage" tests="1" failures="0" timestamp="2020-05-22T21:51:37 IST" time="11.639" errors="0">
  <testcase name="navigation" time="11.639" classname="project1.homepage"/>
  <system-out/>
</testsuite> <!-- project1.homepage -->
