<?xml version="1.0" encoding="UTF-8"?>
<!-- Generated by org.testng.reporters.JUnitReportReporter -->
<testsuite skipped="0" hostname="admin-PC" name="Project.dateOfbirth" tests="1" failures="0" timestamp="2020-04-27T16:39:22 IST" time="22.840" errors="0">
  <testcase name="calendar" time="22.840" classname="Project.dateOfbirth"/>
  <system-out/>
</testsuite> <!-- Project.dateOfbirth -->
