<?xml version="1.0" encoding="UTF-8"?>
<!-- Generated by org.testng.reporters.JUnitReportReporter -->
<testsuite hostname="admin-PC" name="Project.contactForm" tests="1" failures="0" timestamp="2 May 2020 14:10:23 GMT" time="3.018" errors="0">
  <testcase name="form" time="3.018" classname="Project.contactForm"/>
</testsuite> <!-- Project.contactForm -->
